This file contains any messages produced by compilers while
running configure, to aid debugging if configure makes a mistake.

It was created by configure, which was
generated by GNU Autoconf 2.50.  Invocation command line was

  $ ./configure 

## ---------- ##
## Platform.  ##
## ---------- ##

hostname = honey
uname -m = x86_64
uname -r = 2.6.16.16honey1
uname -s = Linux
uname -v = #1 Sun May 21 22:28:41 CEST 2006

/usr/bin/uname -p = unknown
/bin/uname -X     = unknown

/bin/arch              = x86_64
/usr/bin/arch -k       = unknown
/usr/convex/getsysinfo = unknown
hostinfo               = unknown
/bin/machine           = unknown
/usr/bin/oslevel       = unknown
/bin/universe          = unknown

PATH = /usr/local/bin:/usr/local/sbin:/sbin:/usr/sbin:/bin:/usr/bin:/usr/bin/X11:/usr/games

## ------------ ##
## Core tests.  ##
## ------------ ##

configure:921: PATH=".;."; conftest.sh
./configure: line 922: conftest.sh: command not found
configure:924: $? = 127
configure:964: checking build system type
configure:977: error: /bin/sh ./config.sub x86_64-pc-linux-gnuoldld failed.

## ----------------- ##
## Cache variables.  ##
## ----------------- ##

ac_cv_build=
ac_cv_build_alias=x86_64-pc-linux-gnuoldld
ac_cv_env_CC_set=
ac_cv_env_CC_value=
ac_cv_env_CFLAGS_set=
ac_cv_env_CFLAGS_value=
ac_cv_env_CPPFLAGS_set=
ac_cv_env_CPPFLAGS_value=
ac_cv_env_CPP_set=
ac_cv_env_CPP_value=
ac_cv_env_LDFLAGS_set=
ac_cv_env_LDFLAGS_value=
ac_cv_env_build_alias_set=
ac_cv_env_build_alias_value=
ac_cv_env_host_alias_set=
ac_cv_env_host_alias_value=
ac_cv_env_target_alias_set=
ac_cv_env_target_alias_value=


configure: exit 1
